<?xml version="1.0" encoding="UTF-8"?>
<coverage generated="1746733622661" clover="3.2.0">
  <project timestamp="1746733622661" name="All files">
    <metrics statements="77" coveredstatements="61" conditionals="27" coveredconditionals="21" methods="19" coveredmethods="11" elements="123" coveredelements="93" complexity="0" loc="77" ncloc="77" packages="3" files="7" classes="7"/>
    <package name="src">
      <metrics statements="13" coveredstatements="11" conditionals="6" coveredconditionals="6" methods="3" coveredmethods="1"/>
      <file name="App.tsx" path="C:\Users\jimar\Documents\Projects\threejs-cv\src\App.tsx">
        <metrics statements="13" coveredstatements="11" conditionals="6" coveredconditionals="6" methods="3" coveredmethods="1"/>
        <line num="1" count="1" type="stmt"/>
        <line num="2" count="1" type="stmt"/>
        <line num="3" count="1" type="stmt"/>
        <line num="4" count="1" type="stmt"/>
        <line num="5" count="1" type="stmt"/>
        <line num="6" count="1" type="stmt"/>
        <line num="7" count="1" type="stmt"/>
        <line num="11" count="1" type="stmt"/>
        <line num="13" count="3" type="stmt"/>
        <line num="16" count="2" type="stmt"/>
        <line num="18" count="0" type="stmt"/>
        <line num="23" count="2" type="stmt"/>
        <line num="33" count="0" type="stmt"/>
      </file>
    </package>
    <package name="src.components">
      <metrics statements="59" coveredstatements="45" conditionals="21" coveredconditionals="15" methods="16" coveredmethods="10"/>
      <file name="InfoPanel.tsx" path="C:\Users\jimar\Documents\Projects\threejs-cv\src\components\InfoPanel.tsx">
        <metrics statements="13" coveredstatements="10" conditionals="8" coveredconditionals="6" methods="4" coveredmethods="3"/>
        <line num="1" count="2" type="stmt"/>
        <line num="2" count="2" type="stmt"/>
        <line num="10" count="2" type="stmt"/>
        <line num="16" count="4" type="cond" truecount="3" falsecount="0"/>
        <line num="19" count="1" type="stmt"/>
        <line num="20" count="1" type="cond" truecount="2" falsecount="0"/>
        <line num="23" count="1" type="cond" truecount="0" falsecount="1"/>
        <line num="26" count="1" type="stmt"/>
        <line num="28" count="1" type="stmt"/>
        <line num="43" count="0" type="stmt"/>
        <line num="44" count="0" type="stmt"/>
        <line num="45" count="0" type="stmt"/>
        <line num="59" count="9" type="stmt"/>
      </file>
      <file name="Planet.tsx" path="C:\Users\jimar\Documents\Projects\threejs-cv\src\components\Planet.tsx">
        <metrics statements="10" coveredstatements="10" conditionals="8" coveredconditionals="8" methods="1" coveredmethods="1"/>
        <line num="1" count="3" type="stmt"/>
        <line num="2" count="3" type="stmt"/>
        <line num="3" count="3" type="stmt"/>
        <line num="4" count="3" type="stmt"/>
        <line num="12" count="3" type="stmt"/>
        <line num="13" count="22" type="stmt"/>
        <line num="16" count="22" type="cond" truecount="2" falsecount="0"/>
        <line num="21" count="22" type="cond" truecount="2" falsecount="0"/>
        <line num="26" count="22" type="stmt"/>
        <line num="28" count="22" type="stmt"/>
      </file>
      <file name="Sidebar.tsx" path="C:\Users\jimar\Documents\Projects\threejs-cv\src\components\Sidebar.tsx">
        <metrics statements="7" coveredstatements="6" conditionals="0" coveredconditionals="0" methods="4" coveredmethods="3"/>
        <line num="1" count="2" type="stmt"/>
        <line num="2" count="2" type="stmt"/>
        <line num="8" count="2" type="stmt"/>
        <line num="9" count="3" type="stmt"/>
        <line num="13" count="21" type="stmt"/>
        <line num="16" count="7" type="stmt"/>
        <line num="23" count="0" type="stmt"/>
      </file>
      <file name="SolarSystem.tsx" path="C:\Users\jimar\Documents\Projects\threejs-cv\src\components\SolarSystem.tsx">
        <metrics statements="29" coveredstatements="19" conditionals="5" coveredconditionals="1" methods="7" coveredmethods="3"/>
        <line num="1" count="2" type="stmt"/>
        <line num="2" count="2" type="stmt"/>
        <line num="3" count="2" type="stmt"/>
        <line num="4" count="2" type="stmt"/>
        <line num="5" count="2" type="stmt"/>
        <line num="6" count="2" type="stmt"/>
        <line num="13" count="2" type="stmt"/>
        <line num="18" count="3" type="stmt"/>
        <line num="21" count="3" type="stmt"/>
        <line num="24" count="3" type="stmt"/>
        <line num="25" count="1" type="stmt"/>
        <line num="26" count="1" type="stmt"/>
        <line num="27" count="1" type="stmt"/>
        <line num="28" count="1" type="stmt"/>
        <line num="29" count="1" type="stmt"/>
        <line num="30" count="1" type="stmt"/>
        <line num="34" count="3" type="stmt"/>
        <line num="35" count="0" type="cond" truecount="0" falsecount="1"/>
        <line num="36" count="0" type="stmt"/>
        <line num="39" count="0" type="stmt"/>
        <line num="40" count="0" type="stmt"/>
        <line num="41" count="0" type="cond" truecount="0" falsecount="1"/>
        <line num="44" count="0" type="stmt"/>
        <line num="45" count="0" type="stmt"/>
        <line num="48" count="0" type="stmt"/>
        <line num="49" count="0" type="cond" truecount="0" falsecount="1"/>
        <line num="53" count="3" type="stmt"/>
        <line num="77" count="21" type="stmt"/>
        <line num="81" count="0" type="stmt"/>
      </file>
    </package>
    <package name="src.data">
      <metrics statements="5" coveredstatements="5" conditionals="0" coveredconditionals="0" methods="0" coveredmethods="0"/>
      <file name="planets.ts" path="C:\Users\jimar\Documents\Projects\threejs-cv\src\data\planets.ts">
        <metrics statements="3" coveredstatements="3" conditionals="0" coveredconditionals="0" methods="0" coveredmethods="0"/>
        <line num="12" count="2" type="stmt"/>
        <line num="14" count="2" type="stmt"/>
        <line num="70" count="2" type="stmt"/>
      </file>
      <file name="sections.ts" path="C:\Users\jimar\Documents\Projects\threejs-cv\src\data\sections.ts">
        <metrics statements="2" coveredstatements="2" conditionals="0" coveredconditionals="0" methods="0" coveredmethods="0"/>
        <line num="7" count="3" type="stmt"/>
        <line num="81" count="3" type="stmt"/>
      </file>
    </package>
  </project>
</coverage>
