{"C:\\Users\\jimar\\Documents\\Projects\\threejs-cv\\src\\App.tsx": {"path":"C:\\Users\\jimar\\Documents\\Projects\\threejs-cv\\src\\App.tsx","statementMap":{"0":{"start":{"line":11,"column":0},"end":{"line":11,"column":24}},"1":{"start":{"line":1,"column":0},"end":{"line":1,"column":52}},"2":{"start":{"line":2,"column":0},"end":{"line":2,"column":43}},"3":{"start":{"line":3,"column":0},"end":{"line":3,"column":56}},"4":{"start":{"line":4,"column":0},"end":{"line":4,"column":50}},"5":{"start":{"line":5,"column":0},"end":{"line":5,"column":42}},"6":{"start":{"line":6,"column":0},"end":{"line":6,"column":46}},"7":{"start":{"line":7,"column":0},"end":{"line":7,"column":20}},"8":{"start":{"line":13,"column":30},"end":{"line":13,"column":57}},"9":{"start":{"line":16,"column":24},"end":{"line":21,"column":null}},"10":{"start":{"line":18,"column":6},"end":{"line":18,"column":null}},"11":{"start":{"line":23,"column":2},"end":{"line":56,"column":null}},"12":{"start":{"line":33,"column":23},"end":{"line":33,"column":38}}},"fnMap":{"0":{"name":"App","decl":{"start":{"line":11,"column":24},"end":{"line":11,"column":27}},"loc":{"start":{"line":11,"column":27},"end":{"line":57,"column":1}}},"1":{"name":"(anonymous_11)","decl":{"start":{"line":17,"column":4},"end":{"line":17,"column":5}},"loc":{"start":{"line":17,"column":38},"end":{"line":19,"column":5}}},"2":{"name":"(anonymous_12)","decl":{"start":{"line":33,"column":17},"end":{"line":33,"column":20}},"loc":{"start":{"line":33,"column":23},"end":{"line":33,"column":38}}}},"branchMap":{"0":{"loc":{"start":{"line":31,"column":22},"end":{"line":31,"column":44}},"type":"binary-expr","locations":[{"start":{"line":31,"column":22},"end":{"line":31,"column":36}},{"start":{"line":31,"column":40},"end":{"line":31,"column":44}}]},"1":{"loc":{"start":{"line":32,"column":21},"end":{"line":32,"column":42}},"type":"binary-expr","locations":[{"start":{"line":32,"column":21},"end":{"line":32,"column":34}},{"start":{"line":32,"column":38},"end":{"line":32,"column":42}}]},"2":{"loc":{"start":{"line":43,"column":27},"end":{"line":43,"column":48}},"type":"binary-expr","locations":[{"start":{"line":43,"column":27},"end":{"line":43,"column":40}},{"start":{"line":43,"column":44},"end":{"line":43,"column":48}}]}},"s":{"0":1,"1":1,"2":1,"3":1,"4":1,"5":1,"6":1,"7":1,"8":3,"9":2,"10":0,"11":2,"12":0},"f":{"0":3,"1":0,"2":0},"b":{"0":[2,2],"1":[2,2],"2":[2,2]}}
,"C:\\Users\\jimar\\Documents\\Projects\\threejs-cv\\src\\components\\InfoPanel.tsx": {"path":"C:\\Users\\jimar\\Documents\\Projects\\threejs-cv\\src\\components\\InfoPanel.tsx","statementMap":{"0":{"start":{"line":10,"column":0},"end":{"line":10,"column":24}},"1":{"start":{"line":1,"column":0},"end":{"line":1,"column":25}},"2":{"start":{"line":2,"column":0},"end":{"line":2,"column":52}},"3":{"start":{"line":16,"column":2},"end":{"line":16,"column":null}},"4":{"start":{"line":16,"column":37},"end":{"line":16,"column":null}},"5":{"start":{"line":19,"column":35},"end":{"line":20,"column":null}},"6":{"start":{"line":20,"column":11},"end":{"line":20,"column":63}},"7":{"start":{"line":23,"column":2},"end":{"line":23,"column":null}},"8":{"start":{"line":23,"column":12},"end":{"line":23,"column":null}},"9":{"start":{"line":26,"column":23},"end":{"line":26,"column":49}},"10":{"start":{"line":28,"column":2},"end":{"line":64,"column":null}},"11":{"start":{"line":43,"column":38},"end":{"line":43,"column":53}},"12":{"start":{"line":44,"column":25},"end":{"line":44,"column":46}},"13":{"start":{"line":45,"column":12},"end":{"line":52,"column":null}},"14":{"start":{"line":59,"column":12},"end":{"line":59,"column":25}}},"fnMap":{"0":{"name":"InfoPanel","decl":{"start":{"line":10,"column":24},"end":{"line":10,"column":33}},"loc":{"start":{"line":14,"column":8},"end":{"line":65,"column":1}}},"1":{"name":"(anonymous_2)","decl":{"start":{"line":20,"column":4},"end":{"line":20,"column":5}},"loc":{"start":{"line":20,"column":11},"end":{"line":20,"column":63}}},"2":{"name":"(anonymous_3)","decl":{"start":{"line":41,"column":25},"end":{"line":41,"column":26}},"loc":{"start":{"line":41,"column":39},"end":{"line":53,"column":11}}},"3":{"name":"(anonymous_4)","decl":{"start":{"line":58,"column":25},"end":{"line":58,"column":26}},"loc":{"start":{"line":59,"column":12},"end":{"line":59,"column":25}}}},"branchMap":{"0":{"loc":{"start":{"line":16,"column":2},"end":{"line":16,"column":null}},"type":"if","locations":[{"start":{"line":16,"column":2},"end":{"line":16,"column":null}}]},"1":{"loc":{"start":{"line":16,"column":6},"end":{"line":16,"column":35}},"type":"binary-expr","locations":[{"start":{"line":16,"column":6},"end":{"line":16,"column":19}},{"start":{"line":16,"column":23},"end":{"line":16,"column":35}}]},"2":{"loc":{"start":{"line":20,"column":11},"end":{"line":20,"column":63}},"type":"binary-expr","locations":[{"start":{"line":20,"column":11},"end":{"line":20,"column":36}},{"start":{"line":20,"column":40},"end":{"line":20,"column":63}}]},"3":{"loc":{"start":{"line":23,"column":2},"end":{"line":23,"column":null}},"type":"if","locations":[{"start":{"line":23,"column":2},"end":{"line":23,"column":null}}]},"4":{"loc":{"start":{"line":38,"column":7},"end":{"line":61,"column":null}},"type":"cond-expr","locations":[{"start":{"line":40,"column":8},"end":{"line":53,"column":null}},{"start":{"line":57,"column":8},"end":{"line":60,"column":null}}]}},"s":{"0":2,"1":2,"2":2,"3":4,"4":3,"5":1,"6":1,"7":1,"8":0,"9":1,"10":1,"11":0,"12":0,"13":0,"14":9},"f":{"0":4,"1":1,"2":0,"3":9},"b":{"0":[3],"1":[4,1],"2":[1,1],"3":[0],"4":[0,1]}}
,"C:\\Users\\jimar\\Documents\\Projects\\threejs-cv\\src\\components\\Planet.tsx": {"path":"C:\\Users\\jimar\\Documents\\Projects\\threejs-cv\\src\\components\\Planet.tsx","statementMap":{"0":{"start":{"line":12,"column":0},"end":{"line":12,"column":24}},"1":{"start":{"line":1,"column":0},"end":{"line":1,"column":37}},"2":{"start":{"line":2,"column":0},"end":{"line":2,"column":46}},"3":{"start":{"line":3,"column":0},"end":{"line":3,"column":30}},"4":{"start":{"line":4,"column":0},"end":{"line":4,"column":40}},"5":{"start":{"line":13,"column":61},"end":{"line":13,"column":65}},"6":{"start":{"line":16,"column":19},"end":{"line":18,"column":15}},"7":{"start":{"line":21,"column":17},"end":{"line":23,"column":15}},"8":{"start":{"line":26,"column":19},"end":{"line":26,"column":45}},"9":{"start":{"line":28,"column":2},"end":{"line":61,"column":null}}},"fnMap":{"0":{"name":"Planet","decl":{"start":{"line":12,"column":24},"end":{"line":12,"column":30}},"loc":{"start":{"line":12,"column":55},"end":{"line":62,"column":1}}}},"branchMap":{"0":{"loc":{"start":{"line":16,"column":19},"end":{"line":18,"column":15}},"type":"cond-expr","locations":[{"start":{"line":17,"column":6},"end":{"line":17,"column":45}},{"start":{"line":18,"column":6},"end":{"line":18,"column":15}}]},"1":{"loc":{"start":{"line":21,"column":17},"end":{"line":23,"column":15}},"type":"cond-expr","locations":[{"start":{"line":22,"column":6},"end":{"line":22,"column":47}},{"start":{"line":23,"column":6},"end":{"line":23,"column":15}}]},"2":{"loc":{"start":{"line":37,"column":17},"end":{"line":37,"column":44}},"type":"cond-expr","locations":[{"start":{"line":37,"column":27},"end":{"line":37,"column":36}},{"start":{"line":37,"column":39},"end":{"line":37,"column":44}}]},"3":{"loc":{"start":{"line":44,"column":7},"end":{"line":53,"column":null}},"type":"binary-expr","locations":[{"start":{"line":44,"column":7},"end":{"line":44,"column":14}},{"start":{"line":45,"column":8},"end":{"line":52,"column":null}}]}},"s":{"0":3,"1":3,"2":3,"3":3,"4":3,"5":22,"6":22,"7":22,"8":22,"9":22},"f":{"0":22},"b":{"0":[15,7],"1":[6,16],"2":[15,7],"3":[22,3]}}
,"C:\\Users\\jimar\\Documents\\Projects\\threejs-cv\\src\\components\\Sidebar.tsx": {"path":"C:\\Users\\jimar\\Documents\\Projects\\threejs-cv\\src\\components\\Sidebar.tsx","statementMap":{"0":{"start":{"line":8,"column":0},"end":{"line":8,"column":24}},"1":{"start":{"line":1,"column":0},"end":{"line":1,"column":25}},"2":{"start":{"line":2,"column":0},"end":{"line":2,"column":39}},"3":{"start":{"line":9,"column":2},"end":{"line":25,"column":null}},"4":{"start":{"line":13,"column":8},"end":{"line":14,"column":null}},"5":{"start":{"line":16,"column":25},"end":{"line":16,"column":63}},"6":{"start":{"line":23,"column":29},"end":{"line":23,"column":53}}},"fnMap":{"0":{"name":"Sidebar","decl":{"start":{"line":8,"column":24},"end":{"line":8,"column":31}},"loc":{"start":{"line":8,"column":58},"end":{"line":26,"column":1}}},"1":{"name":"(anonymous_2)","decl":{"start":{"line":12,"column":20},"end":{"line":12,"column":21}},"loc":{"start":{"line":13,"column":8},"end":{"line":14,"column":null}}},"2":{"name":"(anonymous_3)","decl":{"start":{"line":16,"column":19},"end":{"line":16,"column":22}},"loc":{"start":{"line":16,"column":25},"end":{"line":16,"column":63}}},"3":{"name":"(anonymous_4)","decl":{"start":{"line":23,"column":23},"end":{"line":23,"column":26}},"loc":{"start":{"line":23,"column":29},"end":{"line":23,"column":53}}}},"branchMap":{},"s":{"0":2,"1":2,"2":2,"3":3,"4":21,"5":7,"6":0},"f":{"0":3,"1":21,"2":7,"3":0},"b":{}}
,"C:\\Users\\jimar\\Documents\\Projects\\threejs-cv\\src\\components\\SolarSystem.tsx": {"path":"C:\\Users\\jimar\\Documents\\Projects\\threejs-cv\\src\\components\\SolarSystem.tsx","statementMap":{"0":{"start":{"line":13,"column":0},"end":{"line":13,"column":24}},"1":{"start":{"line":1,"column":0},"end":{"line":1,"column":48}},"2":{"start":{"line":2,"column":0},"end":{"line":2,"column":56}},"3":{"start":{"line":3,"column":0},"end":{"line":3,"column":30}},"4":{"start":{"line":4,"column":0},"end":{"line":4,"column":41}},"5":{"start":{"line":5,"column":0},"end":{"line":5,"column":29}},"6":{"start":{"line":6,"column":0},"end":{"line":6,"column":37}},"7":{"start":{"line":18,"column":19},"end":{"line":18,"column":45}},"8":{"start":{"line":21,"column":19},"end":{"line":21,"column":72}},"9":{"start":{"line":24,"column":2},"end":{"line":31,"column":null}},"10":{"start":{"line":25,"column":4},"end":{"line":25,"column":null}},"11":{"start":{"line":26,"column":4},"end":{"line":26,"column":null}},"12":{"start":{"line":27,"column":4},"end":{"line":27,"column":55}},"13":{"start":{"line":28,"column":4},"end":{"line":28,"column":56}},"14":{"start":{"line":29,"column":4},"end":{"line":29,"column":56}},"15":{"start":{"line":30,"column":4},"end":{"line":30,"column":56}},"16":{"start":{"line":34,"column":2},"end":{"line":51,"column":null}},"17":{"start":{"line":35,"column":4},"end":{"line":35,"column":33}},"18":{"start":{"line":35,"column":27},"end":{"line":35,"column":33}},"19":{"start":{"line":36,"column":14},"end":{"line":36,"column":36}},"20":{"start":{"line":39,"column":4},"end":{"line":50,"column":null}},"21":{"start":{"line":40,"column":22},"end":{"line":40,"column":89}},"22":{"start":{"line":41,"column":6},"end":{"line":41,"column":26}},"23":{"start":{"line":41,"column":20},"end":{"line":41,"column":26}},"24":{"start":{"line":44,"column":6},"end":{"line":44,"column":null}},"25":{"start":{"line":45,"column":6},"end":{"line":45,"column":null}},"26":{"start":{"line":48,"column":19},"end":{"line":48,"column":92}},"27":{"start":{"line":48,"column":48},"end":{"line":48,"column":65}},"28":{"start":{"line":49,"column":6},"end":{"line":49,"column":null}},"29":{"start":{"line":49,"column":16},"end":{"line":49,"column":null}},"30":{"start":{"line":53,"column":2},"end":{"line":87,"column":null}},"31":{"start":{"line":77,"column":8},"end":{"line":78,"column":null}},"32":{"start":{"line":81,"column":25},"end":{"line":81,"column":56}}},"fnMap":{"0":{"name":"SolarSystem","decl":{"start":{"line":13,"column":24},"end":{"line":13,"column":35}},"loc":{"start":{"line":16,"column":8},"end":{"line":88,"column":1}}},"1":{"name":"(anonymous_11)","decl":{"start":{"line":24,"column":12},"end":{"line":24,"column":15}},"loc":{"start":{"line":24,"column":17},"end":{"line":31,"column":3}}},"2":{"name":"(anonymous_12)","decl":{"start":{"line":34,"column":11},"end":{"line":34,"column":12}},"loc":{"start":{"line":34,"column":25},"end":{"line":51,"column":3}}},"3":{"name":"(anonymous_13)","decl":{"start":{"line":39,"column":20},"end":{"line":39,"column":21}},"loc":{"start":{"line":39,"column":26},"end":{"line":50,"column":5}}},"4":{"name":"(anonymous_14)","decl":{"start":{"line":48,"column":41},"end":{"line":48,"column":42}},"loc":{"start":{"line":48,"column":48},"end":{"line":48,"column":65}}},"5":{"name":"(anonymous_15)","decl":{"start":{"line":76,"column":19},"end":{"line":76,"column":20}},"loc":{"start":{"line":77,"column":8},"end":{"line":78,"column":null}}},"6":{"name":"(anonymous_16)","decl":{"start":{"line":81,"column":19},"end":{"line":81,"column":22}},"loc":{"start":{"line":81,"column":25},"end":{"line":81,"column":56}}}},"branchMap":{"0":{"loc":{"start":{"line":35,"column":4},"end":{"line":35,"column":33}},"type":"if","locations":[{"start":{"line":35,"column":4},"end":{"line":35,"column":33}}]},"1":{"loc":{"start":{"line":41,"column":6},"end":{"line":41,"column":26}},"type":"if","locations":[{"start":{"line":41,"column":6},"end":{"line":41,"column":26}}]},"2":{"loc":{"start":{"line":49,"column":6},"end":{"line":49,"column":null}},"type":"if","locations":[{"start":{"line":49,"column":6},"end":{"line":49,"column":null}}]},"3":{"loc":{"start":{"line":80,"column":17},"end":{"line":80,"column":53}},"type":"cond-expr","locations":[{"start":{"line":80,"column":46},"end":{"line":80,"column":49}},{"start":{"line":80,"column":52},"end":{"line":80,"column":53}}]}},"s":{"0":2,"1":2,"2":2,"3":2,"4":2,"5":2,"6":2,"7":3,"8":3,"9":3,"10":1,"11":1,"12":1,"13":1,"14":1,"15":1,"16":3,"17":0,"18":0,"19":0,"20":0,"21":0,"22":0,"23":0,"24":0,"25":0,"26":0,"27":0,"28":0,"29":0,"30":3,"31":21,"32":0},"f":{"0":3,"1":1,"2":0,"3":0,"4":0,"5":21,"6":0},"b":{"0":[0],"1":[0],"2":[0],"3":[0,21]}}
,"C:\\Users\\jimar\\Documents\\Projects\\threejs-cv\\src\\data\\planets.ts": {"path":"C:\\Users\\jimar\\Documents\\Projects\\threejs-cv\\src\\data\\planets.ts","statementMap":{"0":{"start":{"line":12,"column":16},"end":{"line":12,"column":19}},"1":{"start":{"line":14,"column":30},"end":{"line":68,"column":null}},"2":{"start":{"line":70,"column":0},"end":{"line":70,"column":null}}},"fnMap":{},"branchMap":{},"s":{"0":2,"1":2,"2":2},"f":{},"b":{}}
,"C:\\Users\\jimar\\Documents\\Projects\\threejs-cv\\src\\data\\sections.ts": {"path":"C:\\Users\\jimar\\Documents\\Projects\\threejs-cv\\src\\data\\sections.ts","statementMap":{"0":{"start":{"line":7,"column":28},"end":{"line":79,"column":null}},"1":{"start":{"line":81,"column":0},"end":{"line":81,"column":null}}},"fnMap":{},"branchMap":{},"s":{"0":3,"1":3},"f":{},"b":{}}
}
