TN:
SF:src\App.tsx
FN:11,App
FN:17,(anonymous_11)
FN:33,(anonymous_12)
FNF:3
FNH:1
FNDA:3,App
FNDA:0,(anonymous_11)
FNDA:0,(anonymous_12)
DA:1,1
DA:2,1
DA:3,1
DA:4,1
DA:5,1
DA:6,1
DA:7,1
DA:11,1
DA:13,3
DA:16,2
DA:18,0
DA:23,2
DA:33,0
LF:13
LH:11
BRDA:31,0,0,2
BRDA:31,0,1,2
BRDA:32,1,0,2
BRDA:32,1,1,2
BRDA:43,2,0,2
BRDA:43,2,1,2
BRF:6
BRH:6
end_of_record
TN:
SF:src\components\InfoPanel.tsx
FN:10,InfoPanel
FN:20,(anonymous_2)
FN:41,(anonymous_3)
FN:58,(anonymous_4)
FNF:4
FNH:3
FNDA:4,InfoPanel
FNDA:1,(anonymous_2)
FNDA:0,(anonymous_3)
FNDA:9,(anonymous_4)
DA:1,2
DA:2,2
DA:10,2
DA:16,4
DA:19,1
DA:20,1
DA:23,1
DA:26,1
DA:28,1
DA:43,0
DA:44,0
DA:45,0
DA:59,9
LF:13
LH:10
BRDA:16,0,0,3
BRDA:16,1,0,4
BRDA:16,1,1,1
BRDA:20,2,0,1
BRDA:20,2,1,1
BRDA:23,3,0,0
BRDA:38,4,0,0
BRDA:38,4,1,1
BRF:8
BRH:6
end_of_record
TN:
SF:src\components\Planet.tsx
FN:12,Planet
FNF:1
FNH:1
FNDA:22,Planet
DA:1,3
DA:2,3
DA:3,3
DA:4,3
DA:12,3
DA:13,22
DA:16,22
DA:21,22
DA:26,22
DA:28,22
LF:10
LH:10
BRDA:16,0,0,15
BRDA:16,0,1,7
BRDA:21,1,0,6
BRDA:21,1,1,16
BRDA:37,2,0,15
BRDA:37,2,1,7
BRDA:44,3,0,22
BRDA:44,3,1,3
BRF:8
BRH:8
end_of_record
TN:
SF:src\components\Sidebar.tsx
FN:8,Sidebar
FN:12,(anonymous_2)
FN:16,(anonymous_3)
FN:23,(anonymous_4)
FNF:4
FNH:3
FNDA:3,Sidebar
FNDA:21,(anonymous_2)
FNDA:7,(anonymous_3)
FNDA:0,(anonymous_4)
DA:1,2
DA:2,2
DA:8,2
DA:9,3
DA:13,21
DA:16,7
DA:23,0
LF:7
LH:6
BRF:0
BRH:0
end_of_record
TN:
SF:src\components\SolarSystem.tsx
FN:13,SolarSystem
FN:24,(anonymous_11)
FN:34,(anonymous_12)
FN:39,(anonymous_13)
FN:48,(anonymous_14)
FN:76,(anonymous_15)
FN:81,(anonymous_16)
FNF:7
FNH:3
FNDA:3,SolarSystem
FNDA:1,(anonymous_11)
FNDA:0,(anonymous_12)
FNDA:0,(anonymous_13)
FNDA:0,(anonymous_14)
FNDA:21,(anonymous_15)
FNDA:0,(anonymous_16)
DA:1,2
DA:2,2
DA:3,2
DA:4,2
DA:5,2
DA:6,2
DA:13,2
DA:18,3
DA:21,3
DA:24,3
DA:25,1
DA:26,1
DA:27,1
DA:28,1
DA:29,1
DA:30,1
DA:34,3
DA:35,0
DA:36,0
DA:39,0
DA:40,0
DA:41,0
DA:44,0
DA:45,0
DA:48,0
DA:49,0
DA:53,3
DA:77,21
DA:81,0
LF:29
LH:19
BRDA:35,0,0,0
BRDA:41,1,0,0
BRDA:49,2,0,0
BRDA:80,3,0,0
BRDA:80,3,1,21
BRF:5
BRH:1
end_of_record
TN:
SF:src\data\planets.ts
FNF:0
FNH:0
DA:12,2
DA:14,2
DA:70,2
LF:3
LH:3
BRF:0
BRH:0
end_of_record
TN:
SF:src\data\sections.ts
FNF:0
FNH:0
DA:7,3
DA:81,3
LF:2
LH:2
BRF:0
BRH:0
end_of_record
